<?xml version="1.0" encoding="UTF-8"?>
<testng-results ignored="0" total="15" passed="14" failed="1" skipped="0">
  <reporter-output>
  </reporter-output>
  <suite started-at="2023-06-24T21:57:12 IST" name="Default suite" finished-at="2023-06-24T21:57:49 IST" duration-ms="37097">
    <groups>
    </groups>
    <test started-at="2023-06-24T21:57:12 IST" name="Default test" finished-at="2023-06-24T21:57:49 IST" duration-ms="37097">
      <class name="SauceDemo.LoginTest">
        <test-method is-config="true" signature="setup()[pri:0, instance:SauceDemo.LoginTest@16d04d3d]" started-at="2023-06-24T21:57:12 IST" name="setup" finished-at="2023-06-24T21:57:18 IST" duration-ms="6012" status="PASS">
          <reporter-output>
          </reporter-output>
        </test-method> <!-- setup -->
        <test-method is-config="true" signature="pagecall()[pri:0, instance:SauceDemo.LoginTest@16d04d3d]" started-at="2023-06-24T21:57:19 IST" name="pagecall" finished-at="2023-06-24T21:57:19 IST" duration-ms="10" status="PASS">
          <reporter-output>
          </reporter-output>
        </test-method> <!-- pagecall -->
        <test-method is-config="true" signature="productCheckoutCall()[pri:0, instance:SauceDemo.LoginTest@16d04d3d]" started-at="2023-06-24T21:57:19 IST" name="productCheckoutCall" finished-at="2023-06-24T21:57:19 IST" duration-ms="9" status="PASS">
          <reporter-output>
          </reporter-output>
        </test-method> <!-- productCheckoutCall -->
        <test-method is-config="true" signature="productPageCall()[pri:0, instance:SauceDemo.LoginTest@16d04d3d]" started-at="2023-06-24T21:57:19 IST" name="productPageCall" finished-at="2023-06-24T21:57:19 IST" duration-ms="25" status="PASS">
          <reporter-output>
          </reporter-output>
        </test-method> <!-- productPageCall -->
        <test-method signature="LoginCredential(java.lang.String,java.lang.String)[pri:1, instance:SauceDemo.LoginTest@16d04d3d]" started-at="2023-06-24T21:57:19 IST" name="LoginCredential" description="Login" data-provider="login" finished-at="2023-06-24T21:57:40 IST" duration-ms="20554" status="PASS">
          <params>
            <param index="0">
              <value>
                <![CDATA[standard_user]]>
              </value>
            </param>
            <param index="1">
              <value>
                <![CDATA[secret_sauce]]>
              </value>
            </param>
          </params>
          <reporter-output>
          </reporter-output>
        </test-method> <!-- LoginCredential -->
        <test-method is-config="true" signature="pagecall()[pri:0, instance:SauceDemo.LoginTest@16d04d3d]" started-at="2023-06-24T21:57:40 IST" name="pagecall" finished-at="2023-06-24T21:57:40 IST" duration-ms="0" status="PASS">
          <reporter-output>
          </reporter-output>
        </test-method> <!-- pagecall -->
        <test-method is-config="true" signature="productCheckoutCall()[pri:0, instance:SauceDemo.LoginTest@16d04d3d]" started-at="2023-06-24T21:57:40 IST" name="productCheckoutCall" finished-at="2023-06-24T21:57:40 IST" duration-ms="1" status="PASS">
          <reporter-output>
          </reporter-output>
        </test-method> <!-- productCheckoutCall -->
        <test-method is-config="true" signature="productPageCall()[pri:0, instance:SauceDemo.LoginTest@16d04d3d]" started-at="2023-06-24T21:57:40 IST" name="productPageCall" finished-at="2023-06-24T21:57:40 IST" duration-ms="2" status="PASS">
          <reporter-output>
          </reporter-output>
        </test-method> <!-- productPageCall -->
        <test-method signature="PageMenu()[pri:2, instance:SauceDemo.LoginTest@16d04d3d]" started-at="2023-06-24T21:57:40 IST" name="PageMenu" description="ProductPageMenu" finished-at="2023-06-24T21:57:45 IST" duration-ms="5751" status="PASS">
          <reporter-output>
          </reporter-output>
        </test-method> <!-- PageMenu -->
        <test-method is-config="true" signature="productCheckoutCall()[pri:0, instance:SauceDemo.LoginTest@16d04d3d]" started-at="2023-06-24T21:57:45 IST" name="productCheckoutCall" finished-at="2023-06-24T21:57:45 IST" duration-ms="3" status="PASS">
          <reporter-output>
          </reporter-output>
        </test-method> <!-- productCheckoutCall -->
        <test-method is-config="true" signature="pagecall()[pri:0, instance:SauceDemo.LoginTest@16d04d3d]" started-at="2023-06-24T21:57:45 IST" name="pagecall" finished-at="2023-06-24T21:57:45 IST" duration-ms="0" status="PASS">
          <reporter-output>
          </reporter-output>
        </test-method> <!-- pagecall -->
        <test-method is-config="true" signature="productPageCall()[pri:0, instance:SauceDemo.LoginTest@16d04d3d]" started-at="2023-06-24T21:57:45 IST" name="productPageCall" finished-at="2023-06-24T21:57:46 IST" duration-ms="3" status="PASS">
          <reporter-output>
          </reporter-output>
        </test-method> <!-- productPageCall -->
        <test-method signature="PageRedirectedToSaucelab()[pri:3, instance:SauceDemo.LoginTest@16d04d3d]" started-at="2023-06-24T21:57:46 IST" name="PageRedirectedToSaucelab" description="Page Redirection to saucelabs site" finished-at="2023-06-24T21:57:46 IST" duration-ms="109" status="PASS">
          <reporter-output>
          </reporter-output>
        </test-method> <!-- PageRedirectedToSaucelab -->
        <test-method is-config="true" signature="pagecall()[pri:0, instance:SauceDemo.LoginTest@16d04d3d]" started-at="2023-06-24T21:57:46 IST" name="pagecall" finished-at="2023-06-24T21:57:46 IST" duration-ms="0" status="PASS">
          <reporter-output>
          </reporter-output>
        </test-method> <!-- pagecall -->
        <test-method is-config="true" signature="productCheckoutCall()[pri:0, instance:SauceDemo.LoginTest@16d04d3d]" started-at="2023-06-24T21:57:46 IST" name="productCheckoutCall" finished-at="2023-06-24T21:57:46 IST" duration-ms="2" status="PASS">
          <reporter-output>
          </reporter-output>
        </test-method> <!-- productCheckoutCall -->
        <test-method is-config="true" signature="productPageCall()[pri:0, instance:SauceDemo.LoginTest@16d04d3d]" started-at="2023-06-24T21:57:46 IST" name="productPageCall" finished-at="2023-06-24T21:57:46 IST" duration-ms="1" status="PASS">
          <reporter-output>
          </reporter-output>
        </test-method> <!-- productPageCall -->
        <test-method signature="PageNavigatedToProduct()[pri:4, instance:SauceDemo.LoginTest@16d04d3d]" started-at="2023-06-24T21:57:46 IST" name="PageNavigatedToProduct" description="Page Navigation to Product" finished-at="2023-06-24T21:57:47 IST" duration-ms="1233" status="PASS">
          <reporter-output>
          </reporter-output>
        </test-method> <!-- PageNavigatedToProduct -->
        <test-method is-config="true" signature="productCheckoutCall()[pri:0, instance:SauceDemo.LoginTest@16d04d3d]" started-at="2023-06-24T21:57:47 IST" name="productCheckoutCall" finished-at="2023-06-24T21:57:47 IST" duration-ms="0" status="PASS">
          <reporter-output>
          </reporter-output>
        </test-method> <!-- productCheckoutCall -->
        <test-method is-config="true" signature="productPageCall()[pri:0, instance:SauceDemo.LoginTest@16d04d3d]" started-at="2023-06-24T21:57:47 IST" name="productPageCall" finished-at="2023-06-24T21:57:47 IST" duration-ms="0" status="PASS">
          <reporter-output>
          </reporter-output>
        </test-method> <!-- productPageCall -->
        <test-method is-config="true" signature="pagecall()[pri:0, instance:SauceDemo.LoginTest@16d04d3d]" started-at="2023-06-24T21:57:47 IST" name="pagecall" finished-at="2023-06-24T21:57:47 IST" duration-ms="0" status="PASS">
          <reporter-output>
          </reporter-output>
        </test-method> <!-- pagecall -->
        <test-method signature="SortAllProduct()[pri:5, instance:SauceDemo.LoginTest@16d04d3d]" started-at="2023-06-24T21:57:47 IST" name="SortAllProduct" description="Sort Product From Dropdown" finished-at="2023-06-24T21:57:47 IST" duration-ms="375" status="PASS">
          <reporter-output>
          </reporter-output>
        </test-method> <!-- SortAllProduct -->
        <test-method is-config="true" signature="pagecall()[pri:0, instance:SauceDemo.LoginTest@16d04d3d]" started-at="2023-06-24T21:57:47 IST" name="pagecall" finished-at="2023-06-24T21:57:47 IST" duration-ms="1" status="PASS">
          <reporter-output>
          </reporter-output>
        </test-method> <!-- pagecall -->
        <test-method is-config="true" signature="productCheckoutCall()[pri:0, instance:SauceDemo.LoginTest@16d04d3d]" started-at="2023-06-24T21:57:47 IST" name="productCheckoutCall" finished-at="2023-06-24T21:57:47 IST" duration-ms="3" status="PASS">
          <reporter-output>
          </reporter-output>
        </test-method> <!-- productCheckoutCall -->
        <test-method is-config="true" signature="productPageCall()[pri:0, instance:SauceDemo.LoginTest@16d04d3d]" started-at="2023-06-24T21:57:47 IST" name="productPageCall" finished-at="2023-06-24T21:57:47 IST" duration-ms="2" status="PASS">
          <reporter-output>
          </reporter-output>
        </test-method> <!-- productPageCall -->
        <test-method signature="AllPrice()[pri:6, instance:SauceDemo.LoginTest@16d04d3d]" started-at="2023-06-24T21:57:47 IST" name="AllPrice" description="List of All Price" finished-at="2023-06-24T21:57:47 IST" duration-ms="124" status="PASS">
          <reporter-output>
          </reporter-output>
        </test-method> <!-- AllPrice -->
        <test-method is-config="true" signature="pagecall()[pri:0, instance:SauceDemo.LoginTest@16d04d3d]" started-at="2023-06-24T21:57:47 IST" name="pagecall" finished-at="2023-06-24T21:57:47 IST" duration-ms="0" status="PASS">
          <reporter-output>
          </reporter-output>
        </test-method> <!-- pagecall -->
        <test-method is-config="true" signature="productCheckoutCall()[pri:0, instance:SauceDemo.LoginTest@16d04d3d]" started-at="2023-06-24T21:57:47 IST" name="productCheckoutCall" finished-at="2023-06-24T21:57:47 IST" duration-ms="3" status="PASS">
          <reporter-output>
          </reporter-output>
        </test-method> <!-- productCheckoutCall -->
        <test-method is-config="true" signature="productPageCall()[pri:0, instance:SauceDemo.LoginTest@16d04d3d]" started-at="2023-06-24T21:57:47 IST" name="productPageCall" finished-at="2023-06-24T21:57:47 IST" duration-ms="1" status="PASS">
          <reporter-output>
          </reporter-output>
        </test-method> <!-- productPageCall -->
        <test-method signature="AllProduct()[pri:7, instance:SauceDemo.LoginTest@16d04d3d]" started-at="2023-06-24T21:57:47 IST" name="AllProduct" description="List of All Product" finished-at="2023-06-24T21:57:48 IST" duration-ms="140" status="FAIL">
          <exception class="org.openqa.selenium.StaleElementReferenceException">
            <message>
              <![CDATA[stale element reference: stale element not found
  (Session info: chrome=114.0.5735.110)
For documentation on this error, please visit: https://selenium.dev/exceptions/#stale_element_reference
Build info: version: '4.9.0', revision: 'd7057100a6'
System info: os.name: 'Windows 11', os.arch: 'amd64', os.version: '10.0', java.version: '20'
Driver info: org.openqa.selenium.chrome.ChromeDriver
Command: [31ea9ccfef7569f25b7c74b71c6552a3, getElementText {id=EEA13BCA615AE1B31E3475486E29DF1B_element_32}]
Capabilities {acceptInsecureCerts: true, browserName: chrome, browserVersion: 114.0.5735.110, chrome: {chromedriverVersion: 114.0.5735.90 (386bc09e8f4f..., userDataDir: C:\Users\Admin\AppData\Loca...}, goog:chromeOptions: {debuggerAddress: localhost:49687}, networkConnectionEnabled: false, pageLoadStrategy: normal, platformName: WINDOWS, proxy: Proxy(), se:cdp: ws://localhost:49687/devtoo..., se:cdpVersion: 114.0.5735.110, setWindowRect: true, strictFileInteractability: false, timeouts: {implicit: 0, pageLoad: 300000, script: 30000}, unhandledPromptBehavior: dismiss and notify, webauthn:extension:credBlob: true, webauthn:extension:largeBlob: true, webauthn:extension:minPinLength: true, webauthn:extension:prf: true, webauthn:virtualAuthenticators: true}
Element: [[ChromeDriver: chrome on WINDOWS (31ea9ccfef7569f25b7c74b71c6552a3)] -> css selector: [class='inventory_item_name']]
Session ID: 31ea9ccfef7569f25b7c74b71c6552a3]]>
            </message>
            <full-stacktrace>
              <![CDATA[org.openqa.selenium.StaleElementReferenceException: stale element reference: stale element not found
  (Session info: chrome=114.0.5735.110)
For documentation on this error, please visit: https://selenium.dev/exceptions/#stale_element_reference
Build info: version: '4.9.0', revision: 'd7057100a6'
System info: os.name: 'Windows 11', os.arch: 'amd64', os.version: '10.0', java.version: '20'
Driver info: org.openqa.selenium.chrome.ChromeDriver
Command: [31ea9ccfef7569f25b7c74b71c6552a3, getElementText {id=EEA13BCA615AE1B31E3475486E29DF1B_element_32}]
Capabilities {acceptInsecureCerts: true, browserName: chrome, browserVersion: 114.0.5735.110, chrome: {chromedriverVersion: 114.0.5735.90 (386bc09e8f4f..., userDataDir: C:\Users\Admin\AppData\Loca...}, goog:chromeOptions: {debuggerAddress: localhost:49687}, networkConnectionEnabled: false, pageLoadStrategy: normal, platformName: WINDOWS, proxy: Proxy(), se:cdp: ws://localhost:49687/devtoo..., se:cdpVersion: 114.0.5735.110, setWindowRect: true, strictFileInteractability: false, timeouts: {implicit: 0, pageLoad: 300000, script: 30000}, unhandledPromptBehavior: dismiss and notify, webauthn:extension:credBlob: true, webauthn:extension:largeBlob: true, webauthn:extension:minPinLength: true, webauthn:extension:prf: true, webauthn:virtualAuthenticators: true}
Element: [[ChromeDriver: chrome on WINDOWS (31ea9ccfef7569f25b7c74b71c6552a3)] -> css selector: [class='inventory_item_name']]
Session ID: 31ea9ccfef7569f25b7c74b71c6552a3
at java.base/jdk.internal.reflect.DirectConstructorHandleAccessor.newInstance(DirectConstructorHandleAccessor.java:67)
at java.base/java.lang.reflect.Constructor.newInstanceWithCaller(Constructor.java:500)
at java.base/java.lang.reflect.Constructor.newInstance(Constructor.java:484)
at org.openqa.selenium.remote.codec.w3c.W3CHttpResponseCodec.createException(W3CHttpResponseCodec.java:200)
at org.openqa.selenium.remote.codec.w3c.W3CHttpResponseCodec.decode(W3CHttpResponseCodec.java:133)
at org.openqa.selenium.remote.codec.w3c.W3CHttpResponseCodec.decode(W3CHttpResponseCodec.java:53)
at org.openqa.selenium.remote.HttpCommandExecutor.execute(HttpCommandExecutor.java:193)
at org.openqa.selenium.remote.service.DriverCommandExecutor.invokeExecute(DriverCommandExecutor.java:183)
at org.openqa.selenium.remote.service.DriverCommandExecutor.execute(DriverCommandExecutor.java:158)
at org.openqa.selenium.remote.RemoteWebDriver.execute(RemoteWebDriver.java:543)
at org.openqa.selenium.remote.RemoteWebElement.execute(RemoteWebElement.java:257)
at org.openqa.selenium.remote.RemoteWebElement.getText(RemoteWebElement.java:207)
at com.SauceDemo.pages.SaucedemoProductPage.VerifyListProduct(SaucedemoProductPage.java:88)
at SauceDemo.LoginTest.AllProduct(LoginTest.java:98)
at java.base/jdk.internal.reflect.DirectMethodHandleAccessor.invoke(DirectMethodHandleAccessor.java:104)
at java.base/java.lang.reflect.Method.invoke(Method.java:578)
at org.testng.internal.MethodInvocationHelper.invokeMethod(MethodInvocationHelper.java:133)
at org.testng.internal.TestInvoker.invokeMethod(TestInvoker.java:598)
at org.testng.internal.TestInvoker.invokeTestMethod(TestInvoker.java:173)
at org.testng.internal.MethodRunner.runInSequence(MethodRunner.java:46)
at org.testng.internal.TestInvoker$MethodInvocationAgent.invoke(TestInvoker.java:824)
at org.testng.internal.TestInvoker.invokeTestMethods(TestInvoker.java:146)
at org.testng.internal.TestMethodWorker.invokeTestMethods(TestMethodWorker.java:146)
at org.testng.internal.TestMethodWorker.run(TestMethodWorker.java:128)
at java.base/java.util.ArrayList.forEach(ArrayList.java:1511)
at org.testng.TestRunner.privateRun(TestRunner.java:794)
at org.testng.TestRunner.run(TestRunner.java:596)
at org.testng.SuiteRunner.runTest(SuiteRunner.java:377)
at org.testng.SuiteRunner.runSequentially(SuiteRunner.java:371)
at org.testng.SuiteRunner.privateRun(SuiteRunner.java:332)
at org.testng.SuiteRunner.run(SuiteRunner.java:276)
at org.testng.SuiteRunnerWorker.runSuite(SuiteRunnerWorker.java:53)
at org.testng.SuiteRunnerWorker.run(SuiteRunnerWorker.java:96)
at org.testng.TestNG.runSuitesSequentially(TestNG.java:1212)
at org.testng.TestNG.runSuitesLocally(TestNG.java:1134)
at org.testng.TestNG.runSuites(TestNG.java:1063)
at org.testng.TestNG.run(TestNG.java:1031)
at org.testng.remote.AbstractRemoteTestNG.run(AbstractRemoteTestNG.java:115)
at org.testng.remote.RemoteTestNG.initAndRun(RemoteTestNG.java:251)
at org.testng.remote.RemoteTestNG.main(RemoteTestNG.java:77)
]]>
            </full-stacktrace>
          </exception> <!-- org.openqa.selenium.StaleElementReferenceException -->
          <reporter-output>
          </reporter-output>
        </test-method> <!-- AllProduct -->
        <test-method is-config="true" signature="productCheckoutCall()[pri:0, instance:SauceDemo.LoginTest@16d04d3d]" started-at="2023-06-24T21:57:48 IST" name="productCheckoutCall" finished-at="2023-06-24T21:57:48 IST" duration-ms="15" status="PASS">
          <reporter-output>
          </reporter-output>
        </test-method> <!-- productCheckoutCall -->
        <test-method is-config="true" signature="pagecall()[pri:0, instance:SauceDemo.LoginTest@16d04d3d]" started-at="2023-06-24T21:57:48 IST" name="pagecall" finished-at="2023-06-24T21:57:48 IST" duration-ms="0" status="PASS">
          <reporter-output>
          </reporter-output>
        </test-method> <!-- pagecall -->
        <test-method signature="AddToCartButton()[pri:8, instance:SauceDemo.LoginTest@16d04d3d]" started-at="2023-06-24T21:57:48 IST" name="AddToCartButton" description="Add to Cart" finished-at="2023-06-24T21:57:48 IST" duration-ms="115" status="PASS">
          <reporter-output>
          </reporter-output>
        </test-method> <!-- AddToCartButton -->
        <test-method is-config="true" signature="productPageCall()[pri:0, instance:SauceDemo.LoginTest@16d04d3d]" started-at="2023-06-24T21:57:48 IST" name="productPageCall" finished-at="2023-06-24T21:57:48 IST" duration-ms="0" status="PASS">
          <reporter-output>
          </reporter-output>
        </test-method> <!-- productPageCall -->
        <test-method is-config="true" signature="pagecall()[pri:0, instance:SauceDemo.LoginTest@16d04d3d]" started-at="2023-06-24T21:57:48 IST" name="pagecall" finished-at="2023-06-24T21:57:48 IST" duration-ms="1" status="PASS">
          <reporter-output>
          </reporter-output>
        </test-method> <!-- pagecall -->
        <test-method is-config="true" signature="productPageCall()[pri:0, instance:SauceDemo.LoginTest@16d04d3d]" started-at="2023-06-24T21:57:48 IST" name="productPageCall" finished-at="2023-06-24T21:57:48 IST" duration-ms="1" status="PASS">
          <reporter-output>
          </reporter-output>
        </test-method> <!-- productPageCall -->
        <test-method is-config="true" signature="productCheckoutCall()[pri:0, instance:SauceDemo.LoginTest@16d04d3d]" started-at="2023-06-24T21:57:48 IST" name="productCheckoutCall" finished-at="2023-06-24T21:57:48 IST" duration-ms="0" status="PASS">
          <reporter-output>
          </reporter-output>
        </test-method> <!-- productCheckoutCall -->
        <test-method signature="ShoppingCart()[pri:9, instance:SauceDemo.LoginTest@16d04d3d]" started-at="2023-06-24T21:57:48 IST" name="ShoppingCart" description="Shopping cart" finished-at="2023-06-24T21:57:48 IST" duration-ms="93" status="PASS">
          <reporter-output>
          </reporter-output>
        </test-method> <!-- ShoppingCart -->
        <test-method is-config="true" signature="pagecall()[pri:0, instance:SauceDemo.LoginTest@16d04d3d]" started-at="2023-06-24T21:57:48 IST" name="pagecall" finished-at="2023-06-24T21:57:48 IST" duration-ms="2" status="PASS">
          <reporter-output>
          </reporter-output>
        </test-method> <!-- pagecall -->
        <test-method is-config="true" signature="productCheckoutCall()[pri:0, instance:SauceDemo.LoginTest@16d04d3d]" started-at="2023-06-24T21:57:48 IST" name="productCheckoutCall" finished-at="2023-06-24T21:57:48 IST" duration-ms="0" status="PASS">
          <reporter-output>
          </reporter-output>
        </test-method> <!-- productCheckoutCall -->
        <test-method is-config="true" signature="productPageCall()[pri:0, instance:SauceDemo.LoginTest@16d04d3d]" started-at="2023-06-24T21:57:48 IST" name="productPageCall" finished-at="2023-06-24T21:57:48 IST" duration-ms="0" status="PASS">
          <reporter-output>
          </reporter-output>
        </test-method> <!-- productPageCall -->
        <test-method signature="CartNavigation()[pri:10, instance:SauceDemo.LoginTest@16d04d3d]" started-at="2023-06-24T21:57:48 IST" name="CartNavigation" description="Verification on Navigated to cart" finished-at="2023-06-24T21:57:48 IST" duration-ms="25" status="PASS">
          <reporter-output>
          </reporter-output>
        </test-method> <!-- CartNavigation -->
        <test-method is-config="true" signature="pagecall()[pri:0, instance:SauceDemo.LoginTest@16d04d3d]" started-at="2023-06-24T21:57:48 IST" name="pagecall" finished-at="2023-06-24T21:57:48 IST" duration-ms="1" status="PASS">
          <reporter-output>
          </reporter-output>
        </test-method> <!-- pagecall -->
        <test-method is-config="true" signature="productCheckoutCall()[pri:0, instance:SauceDemo.LoginTest@16d04d3d]" started-at="2023-06-24T21:57:48 IST" name="productCheckoutCall" finished-at="2023-06-24T21:57:48 IST" duration-ms="1" status="PASS">
          <reporter-output>
          </reporter-output>
        </test-method> <!-- productCheckoutCall -->
        <test-method signature="CheckoutButton()[pri:11, instance:SauceDemo.LoginTest@16d04d3d]" started-at="2023-06-24T21:57:48 IST" name="CheckoutButton" description="Click on Checkout Button" finished-at="2023-06-24T21:57:48 IST" duration-ms="77" status="PASS">
          <reporter-output>
          </reporter-output>
        </test-method> <!-- CheckoutButton -->
        <test-method is-config="true" signature="productPageCall()[pri:0, instance:SauceDemo.LoginTest@16d04d3d]" started-at="2023-06-24T21:57:48 IST" name="productPageCall" finished-at="2023-06-24T21:57:48 IST" duration-ms="0" status="PASS">
          <reporter-output>
          </reporter-output>
        </test-method> <!-- productPageCall -->
        <test-method is-config="true" signature="pagecall()[pri:0, instance:SauceDemo.LoginTest@16d04d3d]" started-at="2023-06-24T21:57:48 IST" name="pagecall" finished-at="2023-06-24T21:57:48 IST" duration-ms="1" status="PASS">
          <reporter-output>
          </reporter-output>
        </test-method> <!-- pagecall -->
        <test-method is-config="true" signature="productPageCall()[pri:0, instance:SauceDemo.LoginTest@16d04d3d]" started-at="2023-06-24T21:57:48 IST" name="productPageCall" finished-at="2023-06-24T21:57:48 IST" duration-ms="0" status="PASS">
          <reporter-output>
          </reporter-output>
        </test-method> <!-- productPageCall -->
        <test-method is-config="true" signature="productCheckoutCall()[pri:0, instance:SauceDemo.LoginTest@16d04d3d]" started-at="2023-06-24T21:57:48 IST" name="productCheckoutCall" finished-at="2023-06-24T21:57:48 IST" duration-ms="0" status="PASS">
          <reporter-output>
          </reporter-output>
        </test-method> <!-- productCheckoutCall -->
        <test-method signature="SauceCheckOut(java.lang.String,java.lang.String,java.lang.String)[pri:12, instance:SauceDemo.LoginTest@16d04d3d]" started-at="2023-06-24T21:57:48 IST" name="SauceCheckOut" description="Sauce Product Checkout User Details" data-provider="userdetails" finished-at="2023-06-24T21:57:48 IST" duration-ms="433" status="PASS">
          <params>
            <param index="0">
              <value>
                <![CDATA[standard]]>
              </value>
            </param>
            <param index="1">
              <value>
                <![CDATA[user]]>
              </value>
            </param>
            <param index="2">
              <value>
                <![CDATA[560016.0]]>
              </value>
            </param>
          </params>
          <reporter-output>
          </reporter-output>
        </test-method> <!-- SauceCheckOut -->
        <test-method is-config="true" signature="productCheckoutCall()[pri:0, instance:SauceDemo.LoginTest@16d04d3d]" started-at="2023-06-24T21:57:48 IST" name="productCheckoutCall" finished-at="2023-06-24T21:57:48 IST" duration-ms="0" status="PASS">
          <reporter-output>
          </reporter-output>
        </test-method> <!-- productCheckoutCall -->
        <test-method is-config="true" signature="productPageCall()[pri:0, instance:SauceDemo.LoginTest@16d04d3d]" started-at="2023-06-24T21:57:48 IST" name="productPageCall" finished-at="2023-06-24T21:57:48 IST" duration-ms="0" status="PASS">
          <reporter-output>
          </reporter-output>
        </test-method> <!-- productPageCall -->
        <test-method is-config="true" signature="pagecall()[pri:0, instance:SauceDemo.LoginTest@16d04d3d]" started-at="2023-06-24T21:57:48 IST" name="pagecall" finished-at="2023-06-24T21:57:48 IST" duration-ms="0" status="PASS">
          <reporter-output>
          </reporter-output>
        </test-method> <!-- pagecall -->
        <test-method signature="CheckoutOverviewNavigation()[pri:13, instance:SauceDemo.LoginTest@16d04d3d]" started-at="2023-06-24T21:57:48 IST" name="CheckoutOverviewNavigation" description="Navigated CHECKOUT: OVERVIEW" finished-at="2023-06-24T21:57:48 IST" duration-ms="16" status="PASS">
          <reporter-output>
          </reporter-output>
        </test-method> <!-- CheckoutOverviewNavigation -->
        <test-method is-config="true" signature="pagecall()[pri:0, instance:SauceDemo.LoginTest@16d04d3d]" started-at="2023-06-24T21:57:48 IST" name="pagecall" finished-at="2023-06-24T21:57:48 IST" duration-ms="1" status="PASS">
          <reporter-output>
          </reporter-output>
        </test-method> <!-- pagecall -->
        <test-method is-config="true" signature="productPageCall()[pri:0, instance:SauceDemo.LoginTest@16d04d3d]" started-at="2023-06-24T21:57:48 IST" name="productPageCall" finished-at="2023-06-24T21:57:48 IST" duration-ms="1" status="PASS">
          <reporter-output>
          </reporter-output>
        </test-method> <!-- productPageCall -->
        <test-method is-config="true" signature="productCheckoutCall()[pri:0, instance:SauceDemo.LoginTest@16d04d3d]" started-at="2023-06-24T21:57:48 IST" name="productCheckoutCall" finished-at="2023-06-24T21:57:48 IST" duration-ms="0" status="PASS">
          <reporter-output>
          </reporter-output>
        </test-method> <!-- productCheckoutCall -->
        <test-method signature="Priceformat()[pri:14, instance:SauceDemo.LoginTest@16d04d3d]" started-at="2023-06-24T21:57:48 IST" name="Priceformat" description="Checkout price format" finished-at="2023-06-24T21:57:48 IST" duration-ms="26" status="PASS">
          <reporter-output>
          </reporter-output>
        </test-method> <!-- Priceformat -->
        <test-method is-config="true" signature="productCheckoutCall()[pri:0, instance:SauceDemo.LoginTest@16d04d3d]" started-at="2023-06-24T21:57:48 IST" name="productCheckoutCall" finished-at="2023-06-24T21:57:48 IST" duration-ms="1" status="PASS">
          <reporter-output>
          </reporter-output>
        </test-method> <!-- productCheckoutCall -->
        <test-method is-config="true" signature="pagecall()[pri:0, instance:SauceDemo.LoginTest@16d04d3d]" started-at="2023-06-24T21:57:48 IST" name="pagecall" finished-at="2023-06-24T21:57:48 IST" duration-ms="0" status="PASS">
          <reporter-output>
          </reporter-output>
        </test-method> <!-- pagecall -->
        <test-method signature="Finish()[pri:15, instance:SauceDemo.LoginTest@16d04d3d]" started-at="2023-06-24T21:57:48 IST" name="Finish" description="Process Finished" finished-at="2023-06-24T21:57:48 IST" duration-ms="68" status="PASS">
          <reporter-output>
          </reporter-output>
        </test-method> <!-- Finish -->
        <test-method is-config="true" signature="productPageCall()[pri:0, instance:SauceDemo.LoginTest@16d04d3d]" started-at="2023-06-24T21:57:48 IST" name="productPageCall" finished-at="2023-06-24T21:57:48 IST" duration-ms="0" status="PASS">
          <reporter-output>
          </reporter-output>
        </test-method> <!-- productPageCall -->
        <test-method is-config="true" signature="tearDown()[pri:0, instance:SauceDemo.LoginTest@16d04d3d]" started-at="2023-06-24T21:57:48 IST" name="tearDown" finished-at="2023-06-24T21:57:49 IST" duration-ms="497" status="PASS">
          <reporter-output>
          </reporter-output>
        </test-method> <!-- tearDown -->
      </class> <!-- SauceDemo.LoginTest -->
    </test> <!-- Default test -->
  </suite> <!-- Default suite -->
</testng-results>
