<?xml version="1.0" encoding="UTF-8"?>
<testng-results ignored="0" total="15" passed="14" failed="1" skipped="0">
  <reporter-output>
  </reporter-output>
  <suite started-at="2023-06-21T01:11:26 IST" name="Default suite" finished-at="2023-06-21T01:11:59 IST" duration-ms="32598">
    <groups>
    </groups>
    <test started-at="2023-06-21T01:11:26 IST" name="Default test" finished-at="2023-06-21T01:11:59 IST" duration-ms="32598">
      <class name="Atmosol.LoginTest">
        <test-method is-config="true" signature="setup()[pri:0, instance:Atmosol.LoginTest@16d04d3d]" started-at="2023-06-21T01:11:26 IST" name="setup" finished-at="2023-06-21T01:11:30 IST" duration-ms="3772" status="PASS">
          <reporter-output>
          </reporter-output>
        </test-method> <!-- setup -->
        <test-method is-config="true" signature="pagecall()[pri:0, instance:Atmosol.LoginTest@16d04d3d]" started-at="2023-06-21T01:11:31 IST" name="pagecall" finished-at="2023-06-21T01:11:31 IST" duration-ms="1" status="PASS">
          <reporter-output>
          </reporter-output>
        </test-method> <!-- pagecall -->
        <test-method is-config="true" signature="productCheckoutCall()[pri:0, instance:Atmosol.LoginTest@16d04d3d]" started-at="2023-06-21T01:11:31 IST" name="productCheckoutCall" finished-at="2023-06-21T01:11:31 IST" duration-ms="1" status="PASS">
          <reporter-output>
          </reporter-output>
        </test-method> <!-- productCheckoutCall -->
        <test-method is-config="true" signature="productPageCall()[pri:0, instance:Atmosol.LoginTest@16d04d3d]" started-at="2023-06-21T01:11:31 IST" name="productPageCall" finished-at="2023-06-21T01:11:31 IST" duration-ms="1" status="PASS">
          <reporter-output>
          </reporter-output>
        </test-method> <!-- productPageCall -->
        <test-method signature="LoginCredential(java.lang.String,java.lang.String)[pri:1, instance:Atmosol.LoginTest@16d04d3d]" started-at="2023-06-21T01:11:31 IST" name="LoginCredential" description="Login" data-provider="login" finished-at="2023-06-21T01:11:52 IST" duration-ms="20573" status="PASS">
          <params>
            <param index="0">
              <value>
                <![CDATA[standard_user]]>
              </value>
            </param>
            <param index="1">
              <value>
                <![CDATA[secret_sauce]]>
              </value>
            </param>
          </params>
          <reporter-output>
          </reporter-output>
        </test-method> <!-- LoginCredential -->
        <test-method is-config="true" signature="productPageCall()[pri:0, instance:Atmosol.LoginTest@16d04d3d]" started-at="2023-06-21T01:11:52 IST" name="productPageCall" finished-at="2023-06-21T01:11:52 IST" duration-ms="0" status="PASS">
          <reporter-output>
          </reporter-output>
        </test-method> <!-- productPageCall -->
        <test-method signature="PageMenu()[pri:2, instance:Atmosol.LoginTest@16d04d3d]" started-at="2023-06-21T01:11:52 IST" name="PageMenu" description="ProductPageMenu" finished-at="2023-06-21T01:11:57 IST" duration-ms="5170" status="PASS">
          <reporter-output>
          </reporter-output>
        </test-method> <!-- PageMenu -->
        <test-method is-config="true" signature="pagecall()[pri:0, instance:Atmosol.LoginTest@16d04d3d]" started-at="2023-06-21T01:11:52 IST" name="pagecall" finished-at="2023-06-21T01:11:52 IST" duration-ms="0" status="PASS">
          <reporter-output>
          </reporter-output>
        </test-method> <!-- pagecall -->
        <test-method is-config="true" signature="productCheckoutCall()[pri:0, instance:Atmosol.LoginTest@16d04d3d]" started-at="2023-06-21T01:11:52 IST" name="productCheckoutCall" finished-at="2023-06-21T01:11:52 IST" duration-ms="0" status="PASS">
          <reporter-output>
          </reporter-output>
        </test-method> <!-- productCheckoutCall -->
        <test-method is-config="true" signature="productPageCall()[pri:0, instance:Atmosol.LoginTest@16d04d3d]" started-at="2023-06-21T01:11:57 IST" name="productPageCall" finished-at="2023-06-21T01:11:57 IST" duration-ms="6" status="PASS">
          <reporter-output>
          </reporter-output>
        </test-method> <!-- productPageCall -->
        <test-method is-config="true" signature="pagecall()[pri:0, instance:Atmosol.LoginTest@16d04d3d]" started-at="2023-06-21T01:11:57 IST" name="pagecall" finished-at="2023-06-21T01:11:57 IST" duration-ms="0" status="PASS">
          <reporter-output>
          </reporter-output>
        </test-method> <!-- pagecall -->
        <test-method is-config="true" signature="productCheckoutCall()[pri:0, instance:Atmosol.LoginTest@16d04d3d]" started-at="2023-06-21T01:11:57 IST" name="productCheckoutCall" finished-at="2023-06-21T01:11:57 IST" duration-ms="0" status="PASS">
          <reporter-output>
          </reporter-output>
        </test-method> <!-- productCheckoutCall -->
        <test-method signature="PageRedirectedToSaucelab()[pri:3, instance:Atmosol.LoginTest@16d04d3d]" started-at="2023-06-21T01:11:57 IST" name="PageRedirectedToSaucelab" description="Page Redirection to saucelabs site" finished-at="2023-06-21T01:11:57 IST" duration-ms="27" status="PASS">
          <reporter-output>
          </reporter-output>
        </test-method> <!-- PageRedirectedToSaucelab -->
        <test-method is-config="true" signature="productCheckoutCall()[pri:0, instance:Atmosol.LoginTest@16d04d3d]" started-at="2023-06-21T01:11:57 IST" name="productCheckoutCall" finished-at="2023-06-21T01:11:57 IST" duration-ms="3" status="PASS">
          <reporter-output>
          </reporter-output>
        </test-method> <!-- productCheckoutCall -->
        <test-method is-config="true" signature="pagecall()[pri:0, instance:Atmosol.LoginTest@16d04d3d]" started-at="2023-06-21T01:11:57 IST" name="pagecall" finished-at="2023-06-21T01:11:57 IST" duration-ms="0" status="PASS">
          <reporter-output>
          </reporter-output>
        </test-method> <!-- pagecall -->
        <test-method is-config="true" signature="productPageCall()[pri:0, instance:Atmosol.LoginTest@16d04d3d]" started-at="2023-06-21T01:11:57 IST" name="productPageCall" finished-at="2023-06-21T01:11:57 IST" duration-ms="0" status="PASS">
          <reporter-output>
          </reporter-output>
        </test-method> <!-- productPageCall -->
        <test-method signature="PageNavigatedToProduct()[pri:4, instance:Atmosol.LoginTest@16d04d3d]" started-at="2023-06-21T01:11:57 IST" name="PageNavigatedToProduct" description="Page Navigation to Product" finished-at="2023-06-21T01:11:57 IST" duration-ms="153" status="PASS">
          <reporter-output>
          </reporter-output>
        </test-method> <!-- PageNavigatedToProduct -->
        <test-method is-config="true" signature="pagecall()[pri:0, instance:Atmosol.LoginTest@16d04d3d]" started-at="2023-06-21T01:11:57 IST" name="pagecall" finished-at="2023-06-21T01:11:57 IST" duration-ms="2" status="PASS">
          <reporter-output>
          </reporter-output>
        </test-method> <!-- pagecall -->
        <test-method is-config="true" signature="productPageCall()[pri:0, instance:Atmosol.LoginTest@16d04d3d]" started-at="2023-06-21T01:11:57 IST" name="productPageCall" finished-at="2023-06-21T01:11:57 IST" duration-ms="0" status="PASS">
          <reporter-output>
          </reporter-output>
        </test-method> <!-- productPageCall -->
        <test-method signature="SortAllProduct()[pri:5, instance:Atmosol.LoginTest@16d04d3d]" started-at="2023-06-21T01:11:57 IST" name="SortAllProduct" description="Sort Product From Dropdown" finished-at="2023-06-21T01:11:57 IST" duration-ms="241" status="PASS">
          <reporter-output>
          </reporter-output>
        </test-method> <!-- SortAllProduct -->
        <test-method is-config="true" signature="productCheckoutCall()[pri:0, instance:Atmosol.LoginTest@16d04d3d]" started-at="2023-06-21T01:11:57 IST" name="productCheckoutCall" finished-at="2023-06-21T01:11:57 IST" duration-ms="0" status="PASS">
          <reporter-output>
          </reporter-output>
        </test-method> <!-- productCheckoutCall -->
        <test-method is-config="true" signature="pagecall()[pri:0, instance:Atmosol.LoginTest@16d04d3d]" started-at="2023-06-21T01:11:57 IST" name="pagecall" finished-at="2023-06-21T01:11:57 IST" duration-ms="0" status="PASS">
          <reporter-output>
          </reporter-output>
        </test-method> <!-- pagecall -->
        <test-method is-config="true" signature="productPageCall()[pri:0, instance:Atmosol.LoginTest@16d04d3d]" started-at="2023-06-21T01:11:57 IST" name="productPageCall" finished-at="2023-06-21T01:11:57 IST" duration-ms="0" status="PASS">
          <reporter-output>
          </reporter-output>
        </test-method> <!-- productPageCall -->
        <test-method is-config="true" signature="productCheckoutCall()[pri:0, instance:Atmosol.LoginTest@16d04d3d]" started-at="2023-06-21T01:11:57 IST" name="productCheckoutCall" finished-at="2023-06-21T01:11:57 IST" duration-ms="0" status="PASS">
          <reporter-output>
          </reporter-output>
        </test-method> <!-- productCheckoutCall -->
        <test-method signature="AllPrice()[pri:6, instance:Atmosol.LoginTest@16d04d3d]" started-at="2023-06-21T01:11:57 IST" name="AllPrice" description="List of All Price" finished-at="2023-06-21T01:11:57 IST" duration-ms="113" status="PASS">
          <reporter-output>
          </reporter-output>
        </test-method> <!-- AllPrice -->
        <test-method is-config="true" signature="productCheckoutCall()[pri:0, instance:Atmosol.LoginTest@16d04d3d]" started-at="2023-06-21T01:11:57 IST" name="productCheckoutCall" finished-at="2023-06-21T01:11:57 IST" duration-ms="0" status="PASS">
          <reporter-output>
          </reporter-output>
        </test-method> <!-- productCheckoutCall -->
        <test-method signature="AllProduct()[pri:7, instance:Atmosol.LoginTest@16d04d3d]" started-at="2023-06-21T01:11:57 IST" name="AllProduct" description="List of All Product" finished-at="2023-06-21T01:11:58 IST" duration-ms="152" status="FAIL">
          <exception class="org.openqa.selenium.StaleElementReferenceException">
            <message>
              <![CDATA[stale element reference: stale element not found
  (Session info: chrome=114.0.5735.110)
For documentation on this error, please visit: https://selenium.dev/exceptions/#stale_element_reference
Build info: version: '4.9.0', revision: 'd7057100a6'
System info: os.name: 'Windows 11', os.arch: 'amd64', os.version: '10.0', java.version: '20'
Driver info: org.openqa.selenium.chrome.ChromeDriver
Command: [d8c379d43bf1e3fe3b5fd11f2f9d95a3, getElementText {id=558F6E8EC9FF024E47E43F94265CCAB4_element_29}]
Capabilities {acceptInsecureCerts: true, browserName: chrome, browserVersion: 114.0.5735.110, chrome: {chromedriverVersion: 114.0.5735.90 (386bc09e8f4f..., userDataDir: C:\Users\Admin\AppData\Loca...}, goog:chromeOptions: {debuggerAddress: localhost:59554}, networkConnectionEnabled: false, pageLoadStrategy: normal, platformName: WINDOWS, proxy: Proxy(), se:cdp: ws://localhost:59554/devtoo..., se:cdpVersion: 114.0.5735.110, setWindowRect: true, strictFileInteractability: false, timeouts: {implicit: 0, pageLoad: 300000, script: 30000}, unhandledPromptBehavior: dismiss and notify, webauthn:extension:credBlob: true, webauthn:extension:largeBlob: true, webauthn:extension:minPinLength: true, webauthn:extension:prf: true, webauthn:virtualAuthenticators: true}
Element: [[ChromeDriver: chrome on WINDOWS (d8c379d43bf1e3fe3b5fd11f2f9d95a3)] -> css selector: [class='inventory_item_name']]
Session ID: d8c379d43bf1e3fe3b5fd11f2f9d95a3]]>
            </message>
            <full-stacktrace>
              <![CDATA[org.openqa.selenium.StaleElementReferenceException: stale element reference: stale element not found
  (Session info: chrome=114.0.5735.110)
For documentation on this error, please visit: https://selenium.dev/exceptions/#stale_element_reference
Build info: version: '4.9.0', revision: 'd7057100a6'
System info: os.name: 'Windows 11', os.arch: 'amd64', os.version: '10.0', java.version: '20'
Driver info: org.openqa.selenium.chrome.ChromeDriver
Command: [d8c379d43bf1e3fe3b5fd11f2f9d95a3, getElementText {id=558F6E8EC9FF024E47E43F94265CCAB4_element_29}]
Capabilities {acceptInsecureCerts: true, browserName: chrome, browserVersion: 114.0.5735.110, chrome: {chromedriverVersion: 114.0.5735.90 (386bc09e8f4f..., userDataDir: C:\Users\Admin\AppData\Loca...}, goog:chromeOptions: {debuggerAddress: localhost:59554}, networkConnectionEnabled: false, pageLoadStrategy: normal, platformName: WINDOWS, proxy: Proxy(), se:cdp: ws://localhost:59554/devtoo..., se:cdpVersion: 114.0.5735.110, setWindowRect: true, strictFileInteractability: false, timeouts: {implicit: 0, pageLoad: 300000, script: 30000}, unhandledPromptBehavior: dismiss and notify, webauthn:extension:credBlob: true, webauthn:extension:largeBlob: true, webauthn:extension:minPinLength: true, webauthn:extension:prf: true, webauthn:virtualAuthenticators: true}
Element: [[ChromeDriver: chrome on WINDOWS (d8c379d43bf1e3fe3b5fd11f2f9d95a3)] -> css selector: [class='inventory_item_name']]
Session ID: d8c379d43bf1e3fe3b5fd11f2f9d95a3
at java.base/jdk.internal.reflect.DirectConstructorHandleAccessor.newInstance(DirectConstructorHandleAccessor.java:67)
at java.base/java.lang.reflect.Constructor.newInstanceWithCaller(Constructor.java:500)
at java.base/java.lang.reflect.Constructor.newInstance(Constructor.java:484)
at org.openqa.selenium.remote.codec.w3c.W3CHttpResponseCodec.createException(W3CHttpResponseCodec.java:200)
at org.openqa.selenium.remote.codec.w3c.W3CHttpResponseCodec.decode(W3CHttpResponseCodec.java:133)
at org.openqa.selenium.remote.codec.w3c.W3CHttpResponseCodec.decode(W3CHttpResponseCodec.java:53)
at org.openqa.selenium.remote.HttpCommandExecutor.execute(HttpCommandExecutor.java:193)
at org.openqa.selenium.remote.service.DriverCommandExecutor.invokeExecute(DriverCommandExecutor.java:183)
at org.openqa.selenium.remote.service.DriverCommandExecutor.execute(DriverCommandExecutor.java:158)
at org.openqa.selenium.remote.RemoteWebDriver.execute(RemoteWebDriver.java:543)
at org.openqa.selenium.remote.RemoteWebElement.execute(RemoteWebElement.java:257)
at org.openqa.selenium.remote.RemoteWebElement.getText(RemoteWebElement.java:207)
at com.atmosol.pages.SaucedemoProductPage.VerifyListProduct(SaucedemoProductPage.java:84)
at Atmosol.LoginTest.AllProduct(LoginTest.java:99)
at java.base/jdk.internal.reflect.DirectMethodHandleAccessor.invoke(DirectMethodHandleAccessor.java:104)
at java.base/java.lang.reflect.Method.invoke(Method.java:578)
at org.testng.internal.MethodInvocationHelper.invokeMethod(MethodInvocationHelper.java:133)
at org.testng.internal.TestInvoker.invokeMethod(TestInvoker.java:598)
at org.testng.internal.TestInvoker.invokeTestMethod(TestInvoker.java:173)
at org.testng.internal.MethodRunner.runInSequence(MethodRunner.java:46)
at org.testng.internal.TestInvoker$MethodInvocationAgent.invoke(TestInvoker.java:824)
at org.testng.internal.TestInvoker.invokeTestMethods(TestInvoker.java:146)
at org.testng.internal.TestMethodWorker.invokeTestMethods(TestMethodWorker.java:146)
at org.testng.internal.TestMethodWorker.run(TestMethodWorker.java:128)
at java.base/java.util.ArrayList.forEach(ArrayList.java:1511)
at org.testng.TestRunner.privateRun(TestRunner.java:794)
at org.testng.TestRunner.run(TestRunner.java:596)
at org.testng.SuiteRunner.runTest(SuiteRunner.java:377)
at org.testng.SuiteRunner.runSequentially(SuiteRunner.java:371)
at org.testng.SuiteRunner.privateRun(SuiteRunner.java:332)
at org.testng.SuiteRunner.run(SuiteRunner.java:276)
at org.testng.SuiteRunnerWorker.runSuite(SuiteRunnerWorker.java:53)
at org.testng.SuiteRunnerWorker.run(SuiteRunnerWorker.java:96)
at org.testng.TestNG.runSuitesSequentially(TestNG.java:1212)
at org.testng.TestNG.runSuitesLocally(TestNG.java:1134)
at org.testng.TestNG.runSuites(TestNG.java:1063)
at org.testng.TestNG.run(TestNG.java:1031)
at org.testng.remote.AbstractRemoteTestNG.run(AbstractRemoteTestNG.java:115)
at org.testng.remote.RemoteTestNG.initAndRun(RemoteTestNG.java:251)
at org.testng.remote.RemoteTestNG.main(RemoteTestNG.java:77)
]]>
            </full-stacktrace>
          </exception> <!-- org.openqa.selenium.StaleElementReferenceException -->
          <reporter-output>
          </reporter-output>
        </test-method> <!-- AllProduct -->
        <test-method is-config="true" signature="pagecall()[pri:0, instance:Atmosol.LoginTest@16d04d3d]" started-at="2023-06-21T01:11:57 IST" name="pagecall" finished-at="2023-06-21T01:11:57 IST" duration-ms="0" status="PASS">
          <reporter-output>
          </reporter-output>
        </test-method> <!-- pagecall -->
        <test-method is-config="true" signature="productPageCall()[pri:0, instance:Atmosol.LoginTest@16d04d3d]" started-at="2023-06-21T01:11:57 IST" name="productPageCall" finished-at="2023-06-21T01:11:57 IST" duration-ms="0" status="PASS">
          <reporter-output>
          </reporter-output>
        </test-method> <!-- productPageCall -->
        <test-method is-config="true" signature="productPageCall()[pri:0, instance:Atmosol.LoginTest@16d04d3d]" started-at="2023-06-21T01:11:58 IST" name="productPageCall" finished-at="2023-06-21T01:11:58 IST" duration-ms="0" status="PASS">
          <reporter-output>
          </reporter-output>
        </test-method> <!-- productPageCall -->
        <test-method is-config="true" signature="productCheckoutCall()[pri:0, instance:Atmosol.LoginTest@16d04d3d]" started-at="2023-06-21T01:11:58 IST" name="productCheckoutCall" finished-at="2023-06-21T01:11:58 IST" duration-ms="0" status="PASS">
          <reporter-output>
          </reporter-output>
        </test-method> <!-- productCheckoutCall -->
        <test-method signature="AddToCartButton()[pri:8, instance:Atmosol.LoginTest@16d04d3d]" started-at="2023-06-21T01:11:58 IST" name="AddToCartButton" description="Add to Cart" finished-at="2023-06-21T01:11:58 IST" duration-ms="92" status="PASS">
          <reporter-output>
          </reporter-output>
        </test-method> <!-- AddToCartButton -->
        <test-method is-config="true" signature="pagecall()[pri:0, instance:Atmosol.LoginTest@16d04d3d]" started-at="2023-06-21T01:11:58 IST" name="pagecall" finished-at="2023-06-21T01:11:58 IST" duration-ms="0" status="PASS">
          <reporter-output>
          </reporter-output>
        </test-method> <!-- pagecall -->
        <test-method is-config="true" signature="pagecall()[pri:0, instance:Atmosol.LoginTest@16d04d3d]" started-at="2023-06-21T01:11:58 IST" name="pagecall" finished-at="2023-06-21T01:11:58 IST" duration-ms="0" status="PASS">
          <reporter-output>
          </reporter-output>
        </test-method> <!-- pagecall -->
        <test-method is-config="true" signature="productCheckoutCall()[pri:0, instance:Atmosol.LoginTest@16d04d3d]" started-at="2023-06-21T01:11:58 IST" name="productCheckoutCall" finished-at="2023-06-21T01:11:58 IST" duration-ms="1" status="PASS">
          <reporter-output>
          </reporter-output>
        </test-method> <!-- productCheckoutCall -->
        <test-method is-config="true" signature="productPageCall()[pri:0, instance:Atmosol.LoginTest@16d04d3d]" started-at="2023-06-21T01:11:58 IST" name="productPageCall" finished-at="2023-06-21T01:11:58 IST" duration-ms="1" status="PASS">
          <reporter-output>
          </reporter-output>
        </test-method> <!-- productPageCall -->
        <test-method signature="ShoppingCart()[pri:9, instance:Atmosol.LoginTest@16d04d3d]" started-at="2023-06-21T01:11:58 IST" name="ShoppingCart" description="Shopping cart" finished-at="2023-06-21T01:11:58 IST" duration-ms="78" status="PASS">
          <reporter-output>
          </reporter-output>
        </test-method> <!-- ShoppingCart -->
        <test-method is-config="true" signature="pagecall()[pri:0, instance:Atmosol.LoginTest@16d04d3d]" started-at="2023-06-21T01:11:58 IST" name="pagecall" finished-at="2023-06-21T01:11:58 IST" duration-ms="0" status="PASS">
          <reporter-output>
          </reporter-output>
        </test-method> <!-- pagecall -->
        <test-method is-config="true" signature="productCheckoutCall()[pri:0, instance:Atmosol.LoginTest@16d04d3d]" started-at="2023-06-21T01:11:58 IST" name="productCheckoutCall" finished-at="2023-06-21T01:11:58 IST" duration-ms="0" status="PASS">
          <reporter-output>
          </reporter-output>
        </test-method> <!-- productCheckoutCall -->
        <test-method is-config="true" signature="productPageCall()[pri:0, instance:Atmosol.LoginTest@16d04d3d]" started-at="2023-06-21T01:11:58 IST" name="productPageCall" finished-at="2023-06-21T01:11:58 IST" duration-ms="0" status="PASS">
          <reporter-output>
          </reporter-output>
        </test-method> <!-- productPageCall -->
        <test-method signature="CartNavigation()[pri:10, instance:Atmosol.LoginTest@16d04d3d]" started-at="2023-06-21T01:11:58 IST" name="CartNavigation" description="Verification on Navigated to cart" finished-at="2023-06-21T01:11:58 IST" duration-ms="31" status="PASS">
          <reporter-output>
          </reporter-output>
        </test-method> <!-- CartNavigation -->
        <test-method is-config="true" signature="pagecall()[pri:0, instance:Atmosol.LoginTest@16d04d3d]" started-at="2023-06-21T01:11:58 IST" name="pagecall" finished-at="2023-06-21T01:11:58 IST" duration-ms="0" status="PASS">
          <reporter-output>
          </reporter-output>
        </test-method> <!-- pagecall -->
        <test-method is-config="true" signature="productPageCall()[pri:0, instance:Atmosol.LoginTest@16d04d3d]" started-at="2023-06-21T01:11:58 IST" name="productPageCall" finished-at="2023-06-21T01:11:58 IST" duration-ms="0" status="PASS">
          <reporter-output>
          </reporter-output>
        </test-method> <!-- productPageCall -->
        <test-method signature="CheckoutButton()[pri:11, instance:Atmosol.LoginTest@16d04d3d]" started-at="2023-06-21T01:11:58 IST" name="CheckoutButton" description="Click on Checkout Button" finished-at="2023-06-21T01:11:58 IST" duration-ms="85" status="PASS">
          <reporter-output>
          </reporter-output>
        </test-method> <!-- CheckoutButton -->
        <test-method is-config="true" signature="productCheckoutCall()[pri:0, instance:Atmosol.LoginTest@16d04d3d]" started-at="2023-06-21T01:11:58 IST" name="productCheckoutCall" finished-at="2023-06-21T01:11:58 IST" duration-ms="0" status="PASS">
          <reporter-output>
          </reporter-output>
        </test-method> <!-- productCheckoutCall -->
        <test-method is-config="true" signature="pagecall()[pri:0, instance:Atmosol.LoginTest@16d04d3d]" started-at="2023-06-21T01:11:58 IST" name="pagecall" finished-at="2023-06-21T01:11:58 IST" duration-ms="0" status="PASS">
          <reporter-output>
          </reporter-output>
        </test-method> <!-- pagecall -->
        <test-method is-config="true" signature="productCheckoutCall()[pri:0, instance:Atmosol.LoginTest@16d04d3d]" started-at="2023-06-21T01:11:58 IST" name="productCheckoutCall" finished-at="2023-06-21T01:11:58 IST" duration-ms="0" status="PASS">
          <reporter-output>
          </reporter-output>
        </test-method> <!-- productCheckoutCall -->
        <test-method is-config="true" signature="productPageCall()[pri:0, instance:Atmosol.LoginTest@16d04d3d]" started-at="2023-06-21T01:11:58 IST" name="productPageCall" finished-at="2023-06-21T01:11:58 IST" duration-ms="0" status="PASS">
          <reporter-output>
          </reporter-output>
        </test-method> <!-- productPageCall -->
        <test-method signature="SauceCheckOut(java.lang.String,java.lang.String,java.lang.String)[pri:12, instance:Atmosol.LoginTest@16d04d3d]" started-at="2023-06-21T01:11:58 IST" name="SauceCheckOut" description="Sauce Product Checkout User Details" data-provider="userdetails" finished-at="2023-06-21T01:11:58 IST" duration-ms="448" status="PASS">
          <params>
            <param index="0">
              <value>
                <![CDATA[standard]]>
              </value>
            </param>
            <param index="1">
              <value>
                <![CDATA[user]]>
              </value>
            </param>
            <param index="2">
              <value>
                <![CDATA[560016.0]]>
              </value>
            </param>
          </params>
          <reporter-output>
          </reporter-output>
        </test-method> <!-- SauceCheckOut -->
        <test-method is-config="true" signature="productCheckoutCall()[pri:0, instance:Atmosol.LoginTest@16d04d3d]" started-at="2023-06-21T01:11:58 IST" name="productCheckoutCall" finished-at="2023-06-21T01:11:58 IST" duration-ms="0" status="PASS">
          <reporter-output>
          </reporter-output>
        </test-method> <!-- productCheckoutCall -->
        <test-method is-config="true" signature="pagecall()[pri:0, instance:Atmosol.LoginTest@16d04d3d]" started-at="2023-06-21T01:11:58 IST" name="pagecall" finished-at="2023-06-21T01:11:58 IST" duration-ms="0" status="PASS">
          <reporter-output>
          </reporter-output>
        </test-method> <!-- pagecall -->
        <test-method signature="CheckoutOverviewNavigation()[pri:13, instance:Atmosol.LoginTest@16d04d3d]" started-at="2023-06-21T01:11:58 IST" name="CheckoutOverviewNavigation" description="Navigated CHECKOUT: OVERVIEW" finished-at="2023-06-21T01:11:58 IST" duration-ms="31" status="PASS">
          <reporter-output>
          </reporter-output>
        </test-method> <!-- CheckoutOverviewNavigation -->
        <test-method is-config="true" signature="productPageCall()[pri:0, instance:Atmosol.LoginTest@16d04d3d]" started-at="2023-06-21T01:11:58 IST" name="productPageCall" finished-at="2023-06-21T01:11:58 IST" duration-ms="0" status="PASS">
          <reporter-output>
          </reporter-output>
        </test-method> <!-- productPageCall -->
        <test-method is-config="true" signature="pagecall()[pri:0, instance:Atmosol.LoginTest@16d04d3d]" started-at="2023-06-21T01:11:58 IST" name="pagecall" finished-at="2023-06-21T01:11:58 IST" duration-ms="0" status="PASS">
          <reporter-output>
          </reporter-output>
        </test-method> <!-- pagecall -->
        <test-method is-config="true" signature="productCheckoutCall()[pri:0, instance:Atmosol.LoginTest@16d04d3d]" started-at="2023-06-21T01:11:58 IST" name="productCheckoutCall" finished-at="2023-06-21T01:11:58 IST" duration-ms="5" status="PASS">
          <reporter-output>
          </reporter-output>
        </test-method> <!-- productCheckoutCall -->
        <test-method is-config="true" signature="productPageCall()[pri:0, instance:Atmosol.LoginTest@16d04d3d]" started-at="2023-06-21T01:11:58 IST" name="productPageCall" finished-at="2023-06-21T01:11:58 IST" duration-ms="0" status="PASS">
          <reporter-output>
          </reporter-output>
        </test-method> <!-- productPageCall -->
        <test-method signature="Priceformat()[pri:14, instance:Atmosol.LoginTest@16d04d3d]" started-at="2023-06-21T01:11:58 IST" name="Priceformat" description="Checkout price format" finished-at="2023-06-21T01:11:59 IST" duration-ms="39" status="PASS">
          <reporter-output>
          </reporter-output>
        </test-method> <!-- Priceformat -->
        <test-method is-config="true" signature="pagecall()[pri:0, instance:Atmosol.LoginTest@16d04d3d]" started-at="2023-06-21T01:11:59 IST" name="pagecall" finished-at="2023-06-21T01:11:59 IST" duration-ms="2" status="PASS">
          <reporter-output>
          </reporter-output>
        </test-method> <!-- pagecall -->
        <test-method is-config="true" signature="productCheckoutCall()[pri:0, instance:Atmosol.LoginTest@16d04d3d]" started-at="2023-06-21T01:11:59 IST" name="productCheckoutCall" finished-at="2023-06-21T01:11:59 IST" duration-ms="0" status="PASS">
          <reporter-output>
          </reporter-output>
        </test-method> <!-- productCheckoutCall -->
        <test-method signature="Finish()[pri:15, instance:Atmosol.LoginTest@16d04d3d]" started-at="2023-06-21T01:11:59 IST" name="Finish" description="Process Finished" finished-at="2023-06-21T01:11:59 IST" duration-ms="85" status="PASS">
          <reporter-output>
          </reporter-output>
        </test-method> <!-- Finish -->
        <test-method is-config="true" signature="productPageCall()[pri:0, instance:Atmosol.LoginTest@16d04d3d]" started-at="2023-06-21T01:11:59 IST" name="productPageCall" finished-at="2023-06-21T01:11:59 IST" duration-ms="0" status="PASS">
          <reporter-output>
          </reporter-output>
        </test-method> <!-- productPageCall -->
        <test-method is-config="true" signature="tearDown()[pri:0, instance:Atmosol.LoginTest@16d04d3d]" started-at="2023-06-21T01:11:59 IST" name="tearDown" finished-at="2023-06-21T01:11:59 IST" duration-ms="419" status="PASS">
          <reporter-output>
          </reporter-output>
        </test-method> <!-- tearDown -->
      </class> <!-- Atmosol.LoginTest -->
    </test> <!-- Default test -->
  </suite> <!-- Default suite -->
</testng-results>
